<?xml version="1.0" encoding="UTF-8"?>
<!-- Generated by org.testng.reporters.JUnitReportReporter -->
<testsuite hostname="DESKTOP-1FL19G8" failures="0" tests="1" name="apiTask.VodavonApi.NewTest" time="2.845" errors="0" timestamp="03 Dec 2021 10:48:48 GMT" skipped="0">
  <testcase classname="apiTask.VodavonApi.NewTest" name="getRandomUser" time="2.845"/>
</testsuite> <!-- apiTask.VodavonApi.NewTest -->
